[10:45:29] [main/INFO] (FabricLoader) Loading for game Minecraft 1.17
[10:45:29] [main/INFO] (Fabric|Loader) [FabricLoader] Loading 51 mods:
	- fabric@0.35.2+1.17
	- fabric-api-base@0.3.0+a02b44633d
	- fabric-api-lookup-api-v1@1.1.0+1d383bb63d
	- fabric-biome-api-v1@3.1.11+c345aea83d
	- fabric-blockrenderlayer-v1@1.1.5+a02b44633d
	- fabric-command-api-v1@1.1.1+a02b44633d
	- fabric-commands-v0@0.2.2+92519afa3d
	- fabric-containers-v0@0.1.12+a02b44633d
	- fabric-content-registries-v0@0.2.2+a02b44633d
	- fabric-crash-report-info-v1@0.1.5+be9da3103d
	- fabric-dimensions-v1@2.0.10+a02b44633d
	- fabric-entity-events-v1@1.1.0+a02b44633d
	- fabric-events-interaction-v0@0.4.8+a02b44633d
	- fabric-events-lifecycle-v0@0.2.1+92519afa3d
	- fabric-game-rule-api-v1@1.0.6+a02b44633d
	- fabric-item-api-v1@1.2.4+a02b44633d
	- fabric-item-groups-v0@0.2.10+b7ab61213d
	- fabric-key-binding-api-v1@1.0.4+a02b44633d
	- fabric-keybindings-v0@0.2.2+36b77c3e3d
	- fabric-lifecycle-events-v1@1.4.4+a02b44633d
	- fabric-loot-tables-v1@1.0.4+a02b44633d
	- fabric-mining-levels-v0@0.1.3+92519afa3d
	- fabric-models-v0@0.3.0+a02b44633d
	- fabric-networking-api-v1@1.0.11+b7ab61213d
	- fabric-networking-blockentity-v0@0.2.11+a02b44633d
	- fabric-networking-v0@0.3.2+92519afa3d
	- fabric-object-builder-api-v1@1.10.9+b7ab61213d
	- fabric-object-builders-v0@0.7.3+a02b44633d
	- fabric-particles-v1@0.2.4+a02b44633d
	- fabric-registry-sync-v0@0.7.10+e2961fee3d
	- fabric-renderer-api-v1@0.4.3+676f40fa3d
	- fabric-renderer-indigo@0.4.8+a02b44633d
	- fabric-renderer-registries-v1@3.2.0+a02b44633d
	- fabric-rendering-data-attachment-v1@0.1.5+a02b44633d
	- fabric-rendering-fluids-v1@0.1.13+a02b44633d
	- fabric-rendering-v0@1.1.2+92519afa3d
	- fabric-rendering-v1@1.6.0+a02b44633d
	- fabric-resource-loader-v0@0.4.7+b7ab61213d
	- fabric-screen-api-v1@1.0.4+155f865c3d
	- fabric-screen-handler-api-v1@1.1.8+a02b44633d
	- fabric-structure-api-v1@1.1.11+e36969833d
	- fabric-tag-extensions-v0@1.1.4+a02b44633d
	- fabric-textures-v0@1.0.6+a02b44633d
	- fabric-tool-attribute-api-v1@1.2.12+b7ab61213d
	- fabricloader@0.11.6
	- jankson@3.0.1+j1.2.0
	- java@16
	- lchunkloader@2.0.3
	- libgui@4.0.0+1.17
	- libninepatch@1.1.0
	- minecraft@1.17
[10:45:29] [main/INFO] (mixin) SpongePowered MIXIN Subsystem Version=0.8.2 Source=file:/C:/Users/matteo/.gradle/caches/modules-2/files-2.1/net.fabricmc/sponge-mixin/0.9.4+mixin.0.8.2/ef410951e94c7f4939cc74c86f8df371827818a4/sponge-mixin-0.9.4+mixin.0.8.2.jar Service=Knot/Fabric Env=CLIENT
[10:45:29] [main/INFO] (Fabric|MixinBootstrap) Loaded Fabric development mappings for mixin remapper!
[10:45:29] [main/INFO] (mixin) Compatibility level set to JAVA_16
[10:45:30] [main/WARN] (mixin) @Mixin target net/minecraft/server/world/ServerWorld$ServerEntityHandler is public in fabric-lifecycle-events-v1.mixins.json:ServerWorldEntityLoaderMixin and should be specified in value
[10:45:30] [main/WARN] (mixin) @Mixin target net/minecraft/client/world/ClientWorld$ClientEntityHandler is public in fabric-lifecycle-events-v1.mixins.json:client.ClientWorldEntityLoaderMixin and should be specified in value
[10:45:30] [main/WARN] (mixin) @Mixin target net/minecraft/client/render/block/BlockModelRenderer$AmbientOcclusionCalculator is public in fabric-renderer-indigo.mixins.json:MixinAmbientOcclusionCalculator and should be specified in value
[10:45:30] [main/WARN] (mixin) @Mixin target net/minecraft/client/render/chunk/ChunkBuilder$BuiltChunk$RebuildTask is public in fabric-renderer-indigo.mixins.json:MixinChunkRebuildTask and should be specified in value
[10:45:30] [main/WARN] (mixin) @Mixin target net/minecraft/server/network/ServerPlayNetworkHandler$1 is public in fabric-events-interaction-v0.mixins.json:MixinServerPlayNetworkHandler and should be specified in value
[10:45:30] [main/WARN] (mixin) @Mixin target net/minecraft/village/TradeOffers$TypeAwareBuyForOneEmeraldFactory is public in fabric-object-builder-v1.mixins.json:TypeAwareTradeMixin and should be specified in value
[10:45:30] [main/WARN] (mixin) @Mixin target net/minecraft/client/font/FontManager$1 is public in fabric-resource-loader-v0.mixins.json:client.FontManagerResourceReloadListenerMixin and should be specified in value
[10:45:30] [main/WARN] (mixin) @Mixin target net/minecraft/server/command/GameRuleCommand$1 is public in fabric-game-rule-api-v1.mixins.json:GameRuleCommandVisitorMixin and should be specified in value
[10:45:30] [main/WARN] (mixin) @Mixin target net/minecraft/client/gui/screen/world/EditGameRulesScreen$RuleListWidget$1 is public in fabric-game-rule-api-v1.mixins.json:client.RuleListWidgetVisitorMixin and should be specified in value
[10:45:30] [main/WARN] (mixin) @Mixin target net/minecraft/server/world/ThreadedAnvilChunkStorage$EntityTracker is public in fabric-networking-api-v1.mixins.json:accessor.EntityTrackerAccessor and should be specified in value
[10:45:30] [main/WARN] (mixin) @Mixin target net/minecraft/client/particle/ParticleManager$SimpleSpriteProvider is public in fabric-particles-v1.mixins.json:ParticleManagerAccessor$SimpleSpriteProviderAccessor and should be specified in value
[10:45:30] [main/WARN] (mixin) @Mixin target net/minecraft/data/server/AbstractTagProvider$ObjectBuilder is public in fabric-tag-extensions-v0.mixins.json:MixinObjectBuilder and should be specified in value
[10:45:30] [main/WARN] (mixin) @Mixin target net/minecraft/tag/RequiredTagList$TagWrapper is public in fabric-tag-extensions-v0.mixins.json:MixinTagImpl and should be specified in value
[10:45:30] [main/WARN] (FileUtil) Configuration conflict: there is more than one oshi.properties file on the classpath
[10:45:31] [main/WARN] (FileUtil) Configuration conflict: there is more than one oshi.architecture.properties file on the classpath
[10:45:31] [main/WARN] (PerfDataUtil) Failed to add PDH Counter: \File di paging(_Total)\% Usage, Error code: 0xC0000BB8
[10:45:31] [main/WARN] (PerfCounterQueryHandler) Failed to add counter for PDH object: File di paging
[10:45:31] [main/WARN] (PerfCounterQuery) Disabling further attempts to query Paging File.
[10:45:35] [Render thread/INFO] (Minecraft) Environment: authHost='https://authserver.mojang.com', accountsHost='https://api.mojang.com', sessionHost='https://sessionserver.mojang.com', servicesHost='https://api.minecraftservices.com', name='PROD'
[10:45:36] [Render thread/ERROR] (Minecraft) Failed to verify authentication
com.mojang.authlib.exceptions.InvalidCredentialsException: Status: 401
	at com.mojang.authlib.exceptions.MinecraftClientHttpException.toAuthenticationException(MinecraftClientHttpException.java:56) ~[authlib-2.3.31.jar:?]
	at com.mojang.authlib.yggdrasil.YggdrasilSocialInteractionsService.checkPrivileges(YggdrasilSocialInteractionsService.java:112) ~[authlib-2.3.31.jar:?]
	at com.mojang.authlib.yggdrasil.YggdrasilSocialInteractionsService.<init>(YggdrasilSocialInteractionsService.java:42) ~[authlib-2.3.31.jar:?]
	at com.mojang.authlib.yggdrasil.YggdrasilAuthenticationService.createSocialInteractionsService(YggdrasilAuthenticationService.java:151) ~[authlib-2.3.31.jar:?]
	at net.minecraft.client.MinecraftClient.createSocialInteractionsService(MinecraftClient.java:672) [minecraft-1.17-project-@-mapped-net.fabricmc.yarn-1.17+build.11-v2.jar:?]
	at net.minecraft.client.MinecraftClient.<init>(MinecraftClient.java:431) [minecraft-1.17-project-@-mapped-net.fabricmc.yarn-1.17+build.11-v2.jar:?]
	at net.minecraft.client.main.Main.main(Main.java:179) [minecraft-1.17-project-@-mapped-net.fabricmc.yarn-1.17+build.11-v2.jar:?]
	at jdk.internal.reflect.NativeMethodAccessorImpl.invoke0(Native Method) ~[?:?]
	at jdk.internal.reflect.NativeMethodAccessorImpl.invoke(NativeMethodAccessorImpl.java:78) ~[?:?]
	at jdk.internal.reflect.DelegatingMethodAccessorImpl.invoke(DelegatingMethodAccessorImpl.java:43) ~[?:?]
	at java.lang.reflect.Method.invoke(Method.java:567) ~[?:?]
	at net.fabricmc.loader.game.MinecraftGameProvider.launch(MinecraftGameProvider.java:234) [fabric-loader-0.11.6.jar:?]
	at net.fabricmc.loader.launch.knot.Knot.launch(Knot.java:153) [fabric-loader-0.11.6.jar:?]
	at net.fabricmc.loader.launch.knot.KnotClient.main(KnotClient.java:28) [fabric-loader-0.11.6.jar:?]
	at net.fabricmc.devlaunchinjector.Main.main(Main.java:86) [dev-launch-injector-0.2.1+build.8.jar:?]
Caused by: com.mojang.authlib.exceptions.MinecraftClientHttpException: Status: 401
	at com.mojang.authlib.minecraft.client.MinecraftClient.readInputStream(MinecraftClient.java:77) ~[authlib-2.3.31.jar:?]
	at com.mojang.authlib.minecraft.client.MinecraftClient.get(MinecraftClient.java:47) ~[authlib-2.3.31.jar:?]
	at com.mojang.authlib.yggdrasil.YggdrasilSocialInteractionsService.checkPrivileges(YggdrasilSocialInteractionsService.java:104) ~[authlib-2.3.31.jar:?]
	... 13 more
[10:45:36] [Render thread/INFO] (Minecraft) Setting user: Player787
[10:45:36] [Render thread/WARN] (mixin) @Inject(@At("INVOKE")) Shift.BY=3 on fabric-lifecycle-events-v1.mixins.json:client.WorldChunkMixin::handler$zzn000$onLoadBlockEntity exceeds the maximum allowed value: 0. Increase the value of maxShiftBy to suppress this warning.
[10:45:36] [Render thread/INFO] (Indigo) [Indigo] Registering Indigo renderer!
[10:45:36] [Render thread/INFO] (Minecraft) Backend library: LWJGL version 3.2.2 build 10
[10:45:38] [Render thread/INFO] (Minecraft) Narrator library for x64 successfully loaded
[10:45:38] [Render thread/INFO] (Minecraft) Reloading ResourceManager: Default, Fabric Mods (Fabric Renderer API (v1), Fabric Key Bindings (v0), Fabric Loader, Fabric Structure API (v1), Fabric Containers (v0), Fabric Object Builder API (v1), Fabric Dimensions API (v1), Fabric Game Rule API (v1), Fabric API Base, Fabric Rendering Data Attachment (v1), Fabric Textures (v0), Fabric Rendering Fluids (v1), Fabric BlockRenderLayer Registration (v1), Fabric Lifecycle Events (v1), Fabric Renderer Registries (v1), Fabric Loot Tables (v1), Fabric API, Fabric Particles (v1), Fabric Networking (v0), Fabric API Lookup API (v1), Fabric Networking Block Entity (v0), Fabric Screen Handler API (v1), Literally Chunk Loader, Jankson, Fabric Command API (v1), Fabric Screen API (v1), Fabric Tool Attribute API (v1), Fabric Renderer - Indigo, Fabric Crash Report Info (v1), Fabric Item API (v1), Fabric Events Interaction (v0), LibGui, Fabric Entity Events (v1), Fabric Rendering (v0), Fabric Key Binding API (v1), Fabric Rendering (v1), Fabric Resource Loader (v0), Fabric Content Registries (v0), Fabric Tag Extensions (v0), Fabric Biome API (v1), Fabric Commands (v0), Fabric Registry Sync (v0), Fabric Mining Levels (v0), Fabric Networking API (v1), Fabric Events Lifecycle (v0), Fabric Item Groups (v0), Fabric Models (v0), Fabric Object Builders (v0))
[10:45:38] [Realms Notification Availability checker #1/INFO] (Minecraft) Could not authorize you against Realms server: Invalid session id
[10:45:43] [Render thread/INFO] (Minecraft) OpenAL initialized.
[10:45:43] [Render thread/INFO] (Minecraft) Sound engine started
[10:45:43] [Render thread/INFO] (Minecraft) Created: 1024x1024x4 minecraft:textures/atlas/blocks.png-atlas
[10:45:43] [Render thread/INFO] (Minecraft) Created: 256x128x4 minecraft:textures/atlas/signs.png-atlas
[10:45:43] [Render thread/INFO] (Minecraft) Created: 1024x512x4 minecraft:textures/atlas/banner_patterns.png-atlas
[10:45:43] [Render thread/INFO] (Minecraft) Created: 1024x512x4 minecraft:textures/atlas/shield_patterns.png-atlas
[10:45:43] [Render thread/INFO] (Minecraft) Created: 256x256x4 minecraft:textures/atlas/chest.png-atlas
[10:45:43] [Render thread/INFO] (Minecraft) Created: 512x256x4 minecraft:textures/atlas/beds.png-atlas
[10:45:43] [Render thread/INFO] (Minecraft) Created: 512x256x4 minecraft:textures/atlas/shulker_boxes.png-atlas
[10:45:44] [Render thread/INFO] (Minecraft) Created: 256x256x0 minecraft:textures/atlas/particles.png-atlas
[10:45:44] [Render thread/INFO] (Minecraft) Created: 256x256x0 minecraft:textures/atlas/paintings.png-atlas
[10:45:44] [Render thread/INFO] (Minecraft) Created: 256x128x0 minecraft:textures/atlas/mob_effects.png-atlas
[10:45:48] [Render thread/INFO] (BiomeModificationImpl) Applied 0 biome modifications to 0 of 81 new biomes in 2.665 ms
[10:45:54] [Render thread/WARN] (Minecraft) Ambiguity between arguments [teleport, location] and [teleport, destination] with inputs: [0.1 -0.5 .9, 0 0 0]
[10:45:54] [Render thread/WARN] (Minecraft) Ambiguity between arguments [teleport, location] and [teleport, targets] with inputs: [0.1 -0.5 .9, 0 0 0]
[10:45:54] [Render thread/WARN] (Minecraft) Ambiguity between arguments [teleport, destination] and [teleport, targets] with inputs: [Player, 0123, @e, dd12be42-52a9-4a91-a8a1-11c01849e498]
[10:45:54] [Render thread/WARN] (Minecraft) Ambiguity between arguments [teleport, targets] and [teleport, destination] with inputs: [Player, 0123, dd12be42-52a9-4a91-a8a1-11c01849e498]
[10:45:54] [Render thread/WARN] (Minecraft) Ambiguity between arguments [teleport, targets, location] and [teleport, targets, destination] with inputs: [0.1 -0.5 .9, 0 0 0]
[10:45:54] [Render thread/INFO] (Minecraft) Reloading ResourceManager: Default, Fabric Mods (Literally Chunk Loader, Fabric Tool Attribute API (v1))
[10:45:55] [Render thread/INFO] (Minecraft) Loaded 7 recipes
[10:45:55] [Render thread/INFO] (Minecraft) Loaded 1137 advancements
[10:45:56] [Render thread/INFO] (Minecraft) Environment: authHost='https://authserver.mojang.com', accountsHost='https://api.mojang.com', sessionHost='https://sessionserver.mojang.com', servicesHost='https://api.minecraftservices.com', name='PROD'
[10:45:56] [Server thread/INFO] (Minecraft) Starting integrated minecraft server version 1.17
[10:45:56] [Server thread/INFO] (Minecraft) Generating keypair
[10:45:58] [Server thread/INFO] (Minecraft) [STDOUT]: [lchunkloader]:(INFO) => Persistent chunks data file still doesn't exist, generating a new one
[10:45:58] [Server thread/INFO] (Minecraft) Preparing start region for dimension minecraft:overworld
[10:45:58] [Render thread/INFO] (Minecraft) Preparing spawn area: 0%
[10:45:59] [Render thread/INFO] (Minecraft) Preparing spawn area: 0%
[10:45:59] [Render thread/INFO] (Minecraft) Preparing spawn area: 6%
[10:46:00] [Render thread/INFO] (Minecraft) Preparing spawn area: 10%
[10:46:00] [Render thread/INFO] (Minecraft) Preparing spawn area: 17%
[10:46:01] [Render thread/INFO] (Minecraft) Preparing spawn area: 23%
[10:46:01] [Render thread/INFO] (Minecraft) Preparing spawn area: 27%
[10:46:02] [Render thread/INFO] (Minecraft) Preparing spawn area: 37%
[10:46:02] [Render thread/INFO] (Minecraft) Preparing spawn area: 45%
[10:46:03] [Render thread/INFO] (Minecraft) Preparing spawn area: 54%
[10:46:03] [Render thread/INFO] (Minecraft) Preparing spawn area: 58%
[10:46:04] [Render thread/INFO] (Minecraft) Preparing spawn area: 66%
[10:46:04] [Render thread/INFO] (Minecraft) Preparing spawn area: 73%
[10:46:05] [Render thread/INFO] (Minecraft) Preparing spawn area: 79%
[10:46:05] [Render thread/INFO] (Minecraft) Preparing spawn area: 88%
[10:46:06] [Render thread/INFO] (Minecraft) Preparing spawn area: 94%
[10:46:06] [Render thread/INFO] (Minecraft) Time elapsed: 7874 ms
[10:46:06] [Server thread/INFO] (Minecraft) Changing view distance to 11, from 10
[10:46:07] [Server thread/INFO] (Minecraft) Player787[local:E:c63cd8c0] logged in with entity id 241 at (237.5, 64.0, 107.5)
[10:46:07] [Server thread/INFO] (Minecraft) Player787 joined the game
[10:46:07] [Netty Local Client IO #0/INFO] (BiomeModificationImpl) Applied 0 biome modifications to 0 of 81 new biomes in 236.9 μs
[10:46:07] [Server thread/INFO] (Minecraft) Saving and pausing game...
[10:46:07] [Server thread/INFO] (Minecraft) Saving chunks for level 'ServerLevel[Test]'/minecraft:overworld
[10:46:08] [Render thread/INFO] (Minecraft) Loaded 0 advancements
[10:46:09] [Server thread/INFO] (Minecraft) Saving chunks for level 'ServerLevel[Test]'/minecraft:the_nether
[10:46:09] [Server thread/INFO] (Minecraft) Saving chunks for level 'ServerLevel[Test]'/minecraft:the_end
[10:47:19] [Server thread/INFO] (Minecraft) Saving and pausing game...
[10:47:19] [Server thread/INFO] (Minecraft) Saving chunks for level 'ServerLevel[Test]'/minecraft:overworld
[10:47:19] [Server thread/INFO] (Minecraft) Saving chunks for level 'ServerLevel[Test]'/minecraft:the_nether
[10:47:19] [Server thread/INFO] (Minecraft) Saving chunks for level 'ServerLevel[Test]'/minecraft:the_end
[10:47:34] [Netty Server IO #1/INFO] (Minecraft) [STDOUT]: [lchunkloader]:(INFO) => Setting chunk: [14, 7] in overworld forceloaded = true
[10:47:49] [Render thread/INFO] (Minecraft) [CHAT] [Debug]: Chunk borders: shown
[10:47:54] [Netty Server IO #1/INFO] (Minecraft) [STDOUT]: [lchunkloader]:(INFO) => Setting chunk: [14, 7] in overworld forceloaded = false
[10:47:57] [Netty Server IO #1/INFO] (Minecraft) [STDOUT]: [lchunkloader]:(INFO) => Setting chunk: [14, 7] in overworld forceloaded = true
[10:47:58] [Netty Server IO #1/INFO] (Minecraft) [STDOUT]: [lchunkloader]:(INFO) => Setting chunk: [13, 8] in overworld forceloaded = true
[10:47:59] [Netty Server IO #1/INFO] (Minecraft) [STDOUT]: [lchunkloader]:(INFO) => Setting chunk: [15, 8] in overworld forceloaded = true
[10:47:59] [Netty Server IO #1/INFO] (Minecraft) [STDOUT]: [lchunkloader]:(INFO) => Setting chunk: [14, 6] in overworld forceloaded = true
[10:48:02] [Netty Server IO #1/INFO] (Minecraft) [STDOUT]: [lchunkloader]:(INFO) => Setting chunk: [13, 8] in overworld forceloaded = false
[10:48:02] [Netty Server IO #1/INFO] (Minecraft) [STDOUT]: [lchunkloader]:(INFO) => Setting chunk: [14, 6] in overworld forceloaded = false
[10:48:02] [Netty Server IO #1/INFO] (Minecraft) [STDOUT]: [lchunkloader]:(INFO) => Setting chunk: [14, 7] in overworld forceloaded = false
[10:48:02] [Netty Server IO #1/INFO] (Minecraft) [STDOUT]: [lchunkloader]:(INFO) => Setting chunk: [15, 8] in overworld forceloaded = false
[10:48:05] [Netty Server IO #1/INFO] (Minecraft) [STDOUT]: [lchunkloader]:(INFO) => Setting chunk: [12, 5] in overworld forceloaded = true
[10:48:05] [Netty Server IO #1/INFO] (Minecraft) [STDOUT]: [lchunkloader]:(INFO) => Setting chunk: [12, 6] in overworld forceloaded = true
[10:48:05] [Netty Server IO #1/INFO] (Minecraft) [STDOUT]: [lchunkloader]:(INFO) => Setting chunk: [12, 7] in overworld forceloaded = true
[10:48:05] [Netty Server IO #1/INFO] (Minecraft) [STDOUT]: [lchunkloader]:(INFO) => Setting chunk: [12, 8] in overworld forceloaded = true
[10:48:05] [Netty Server IO #1/INFO] (Minecraft) [STDOUT]: [lchunkloader]:(INFO) => Setting chunk: [12, 9] in overworld forceloaded = true
[10:48:05] [Netty Server IO #1/INFO] (Minecraft) [STDOUT]: [lchunkloader]:(INFO) => Setting chunk: [13, 5] in overworld forceloaded = true
[10:48:05] [Netty Server IO #1/INFO] (Minecraft) [STDOUT]: [lchunkloader]:(INFO) => Setting chunk: [13, 6] in overworld forceloaded = true
[10:48:05] [Netty Server IO #1/INFO] (Minecraft) [STDOUT]: [lchunkloader]:(INFO) => Setting chunk: [13, 7] in overworld forceloaded = true
[10:48:05] [Netty Server IO #1/INFO] (Minecraft) [STDOUT]: [lchunkloader]:(INFO) => Setting chunk: [13, 8] in overworld forceloaded = true
[10:48:05] [Netty Server IO #1/INFO] (Minecraft) [STDOUT]: [lchunkloader]:(INFO) => Setting chunk: [13, 9] in overworld forceloaded = true
[10:48:05] [Netty Server IO #1/INFO] (Minecraft) [STDOUT]: [lchunkloader]:(INFO) => Setting chunk: [14, 5] in overworld forceloaded = true
[10:48:05] [Netty Server IO #1/INFO] (Minecraft) [STDOUT]: [lchunkloader]:(INFO) => Setting chunk: [14, 6] in overworld forceloaded = true
[10:48:05] [Netty Server IO #1/INFO] (Minecraft) [STDOUT]: [lchunkloader]:(INFO) => Setting chunk: [14, 7] in overworld forceloaded = true
[10:48:05] [Netty Server IO #1/INFO] (Minecraft) [STDOUT]: [lchunkloader]:(INFO) => Setting chunk: [14, 8] in overworld forceloaded = true
[10:48:05] [Netty Server IO #1/INFO] (Minecraft) [STDOUT]: [lchunkloader]:(INFO) => Setting chunk: [14, 9] in overworld forceloaded = true
[10:48:05] [Netty Server IO #1/INFO] (Minecraft) [STDOUT]: [lchunkloader]:(INFO) => Setting chunk: [15, 5] in overworld forceloaded = true
[10:48:05] [Netty Server IO #1/INFO] (Minecraft) [STDOUT]: [lchunkloader]:(INFO) => Setting chunk: [15, 6] in overworld forceloaded = true
[10:48:05] [Netty Server IO #1/INFO] (Minecraft) [STDOUT]: [lchunkloader]:(INFO) => Setting chunk: [15, 7] in overworld forceloaded = true
[10:48:05] [Netty Server IO #1/INFO] (Minecraft) [STDOUT]: [lchunkloader]:(INFO) => Setting chunk: [15, 8] in overworld forceloaded = true
[10:48:05] [Netty Server IO #1/INFO] (Minecraft) [STDOUT]: [lchunkloader]:(INFO) => Setting chunk: [15, 9] in overworld forceloaded = true
[10:48:05] [Netty Server IO #1/INFO] (Minecraft) [STDOUT]: [lchunkloader]:(INFO) => Setting chunk: [16, 5] in overworld forceloaded = true
[10:48:05] [Netty Server IO #1/INFO] (Minecraft) [STDOUT]: [lchunkloader]:(INFO) => Setting chunk: [16, 6] in overworld forceloaded = true
[10:48:05] [Netty Server IO #1/INFO] (Minecraft) [STDOUT]: [lchunkloader]:(INFO) => Setting chunk: [16, 7] in overworld forceloaded = true
[10:48:05] [Netty Server IO #1/INFO] (Minecraft) [STDOUT]: [lchunkloader]:(INFO) => Setting chunk: [16, 8] in overworld forceloaded = true
[10:48:05] [Netty Server IO #1/INFO] (Minecraft) [STDOUT]: [lchunkloader]:(INFO) => Setting chunk: [16, 9] in overworld forceloaded = true
[10:48:07] [Netty Server IO #1/INFO] (Minecraft) [STDOUT]: [lchunkloader]:(INFO) => Setting chunk: [17, 5] in overworld forceloaded = true
[10:48:07] [Netty Server IO #1/INFO] (Minecraft) [STDOUT]: [lchunkloader]:(INFO) => Setting chunk: [17, 6] in overworld forceloaded = true
[10:48:07] [Netty Server IO #1/INFO] (Minecraft) [STDOUT]: [lchunkloader]:(INFO) => Setting chunk: [17, 7] in overworld forceloaded = true
[10:48:07] [Netty Server IO #1/INFO] (Minecraft) [STDOUT]: [lchunkloader]:(INFO) => Setting chunk: [17, 8] in overworld forceloaded = true
[10:48:07] [Netty Server IO #1/INFO] (Minecraft) [STDOUT]: [lchunkloader]:(INFO) => Setting chunk: [17, 9] in overworld forceloaded = true
[10:48:10] [Netty Server IO #1/INFO] (Minecraft) [STDOUT]: [lchunkloader]:(INFO) => Setting chunk: [12, 5] in overworld forceloaded = false
[10:48:10] [Netty Server IO #1/INFO] (Minecraft) [STDOUT]: [lchunkloader]:(INFO) => Setting chunk: [12, 6] in overworld forceloaded = false
[10:48:10] [Netty Server IO #1/INFO] (Minecraft) [STDOUT]: [lchunkloader]:(INFO) => Setting chunk: [12, 7] in overworld forceloaded = false
[10:48:10] [Netty Server IO #1/INFO] (Minecraft) [STDOUT]: [lchunkloader]:(INFO) => Setting chunk: [12, 8] in overworld forceloaded = false
[10:48:10] [Netty Server IO #1/INFO] (Minecraft) [STDOUT]: [lchunkloader]:(INFO) => Setting chunk: [12, 9] in overworld forceloaded = false
[10:48:10] [Netty Server IO #1/INFO] (Minecraft) [STDOUT]: [lchunkloader]:(INFO) => Setting chunk: [13, 5] in overworld forceloaded = false
[10:48:10] [Netty Server IO #1/INFO] (Minecraft) [STDOUT]: [lchunkloader]:(INFO) => Setting chunk: [13, 6] in overworld forceloaded = false
[10:48:10] [Netty Server IO #1/INFO] (Minecraft) [STDOUT]: [lchunkloader]:(INFO) => Setting chunk: [13, 7] in overworld forceloaded = false
[10:48:10] [Netty Server IO #1/INFO] (Minecraft) [STDOUT]: [lchunkloader]:(INFO) => Setting chunk: [13, 8] in overworld forceloaded = false
[10:48:10] [Netty Server IO #1/INFO] (Minecraft) [STDOUT]: [lchunkloader]:(INFO) => Setting chunk: [13, 9] in overworld forceloaded = false
[10:48:10] [Netty Server IO #1/INFO] (Minecraft) [STDOUT]: [lchunkloader]:(INFO) => Setting chunk: [14, 5] in overworld forceloaded = false
[10:48:10] [Netty Server IO #1/INFO] (Minecraft) [STDOUT]: [lchunkloader]:(INFO) => Setting chunk: [14, 6] in overworld forceloaded = false
[10:48:10] [Netty Server IO #1/INFO] (Minecraft) [STDOUT]: [lchunkloader]:(INFO) => Setting chunk: [14, 7] in overworld forceloaded = false
[10:48:10] [Netty Server IO #1/INFO] (Minecraft) [STDOUT]: [lchunkloader]:(INFO) => Setting chunk: [14, 8] in overworld forceloaded = false
[10:48:10] [Netty Server IO #1/INFO] (Minecraft) [STDOUT]: [lchunkloader]:(INFO) => Setting chunk: [14, 9] in overworld forceloaded = false
[10:48:10] [Netty Server IO #1/INFO] (Minecraft) [STDOUT]: [lchunkloader]:(INFO) => Setting chunk: [15, 5] in overworld forceloaded = false
[10:48:10] [Netty Server IO #1/INFO] (Minecraft) [STDOUT]: [lchunkloader]:(INFO) => Setting chunk: [15, 6] in overworld forceloaded = false
[10:48:10] [Netty Server IO #1/INFO] (Minecraft) [STDOUT]: [lchunkloader]:(INFO) => Setting chunk: [15, 7] in overworld forceloaded = false
[10:48:10] [Netty Server IO #1/INFO] (Minecraft) [STDOUT]: [lchunkloader]:(INFO) => Setting chunk: [15, 8] in overworld forceloaded = false
[10:48:10] [Netty Server IO #1/INFO] (Minecraft) [STDOUT]: [lchunkloader]:(INFO) => Setting chunk: [15, 9] in overworld forceloaded = false
[10:48:10] [Netty Server IO #1/INFO] (Minecraft) [STDOUT]: [lchunkloader]:(INFO) => Setting chunk: [16, 5] in overworld forceloaded = false
[10:48:10] [Netty Server IO #1/INFO] (Minecraft) [STDOUT]: [lchunkloader]:(INFO) => Setting chunk: [16, 6] in overworld forceloaded = false
[10:48:10] [Netty Server IO #1/INFO] (Minecraft) [STDOUT]: [lchunkloader]:(INFO) => Setting chunk: [16, 7] in overworld forceloaded = false
[10:48:10] [Netty Server IO #1/INFO] (Minecraft) [STDOUT]: [lchunkloader]:(INFO) => Setting chunk: [16, 8] in overworld forceloaded = false
[10:48:10] [Netty Server IO #1/INFO] (Minecraft) [STDOUT]: [lchunkloader]:(INFO) => Setting chunk: [16, 9] in overworld forceloaded = false
[10:48:12] [Netty Server IO #1/INFO] (Minecraft) [STDOUT]: [lchunkloader]:(INFO) => Setting chunk: [17, 5] in overworld forceloaded = false
[10:48:12] [Netty Server IO #1/INFO] (Minecraft) [STDOUT]: [lchunkloader]:(INFO) => Setting chunk: [17, 6] in overworld forceloaded = false
[10:48:12] [Netty Server IO #1/INFO] (Minecraft) [STDOUT]: [lchunkloader]:(INFO) => Setting chunk: [17, 7] in overworld forceloaded = false
[10:48:12] [Netty Server IO #1/INFO] (Minecraft) [STDOUT]: [lchunkloader]:(INFO) => Setting chunk: [17, 8] in overworld forceloaded = false
[10:48:12] [Netty Server IO #1/INFO] (Minecraft) [STDOUT]: [lchunkloader]:(INFO) => Setting chunk: [17, 9] in overworld forceloaded = false
[10:48:17] [Render thread/INFO] (Minecraft) [CHAT] No force loaded chunks were found in minecraft:overworld
[10:48:19] [Netty Server IO #1/INFO] (Minecraft) [STDOUT]: [lchunkloader]:(INFO) => Setting chunk: [14, 7] in overworld forceloaded = true
[10:48:19] [Netty Server IO #1/INFO] (Minecraft) [STDOUT]: [lchunkloader]:(INFO) => Setting chunk: [14, 8] in overworld forceloaded = true
[10:48:19] [Netty Server IO #1/INFO] (Minecraft) [STDOUT]: [lchunkloader]:(INFO) => Setting chunk: [14, 6] in overworld forceloaded = true
[10:48:20] [Netty Server IO #1/INFO] (Minecraft) [STDOUT]: [lchunkloader]:(INFO) => Setting chunk: [14, 9] in overworld forceloaded = true
[10:48:21] [Netty Server IO #1/INFO] (Minecraft) [STDOUT]: [lchunkloader]:(INFO) => Setting chunk: [14, 5] in overworld forceloaded = true
[10:48:24] [Render thread/INFO] (Minecraft) [CHAT] 5 force loaded chunks were found in minecraft:overworld at: [14, 5], [14, 6], [14, 7], [14, 8], [14, 9]
[10:48:28] [Server thread/INFO] (Minecraft) [STDOUT]: [lchunkloader]:(INFO) => Setting chunk: [14, 5] in overworld forceloaded = false
[10:48:28] [Server thread/INFO] (Minecraft) [STDOUT]: [lchunkloader]:(INFO) => Setting chunk: [14, 6] in overworld forceloaded = false
[10:48:28] [Server thread/INFO] (Minecraft) [STDOUT]: [lchunkloader]:(INFO) => Setting chunk: [14, 7] in overworld forceloaded = false
[10:48:28] [Server thread/INFO] (Minecraft) [STDOUT]: [lchunkloader]:(INFO) => Setting chunk: [14, 8] in overworld forceloaded = false
[10:48:28] [Server thread/INFO] (Minecraft) [STDOUT]: [lchunkloader]:(INFO) => Setting chunk: [14, 9] in overworld forceloaded = false
[10:48:32] [Render thread/INFO] (Minecraft) [CHAT] No force loaded chunks were found in minecraft:overworld
[10:48:39] [Netty Server IO #1/INFO] (Minecraft) [STDOUT]: [lchunkloader]:(INFO) => Setting chunk: [14, 7] in overworld forceloaded = true
[10:48:40] [Netty Server IO #1/INFO] (Minecraft) [STDOUT]: [lchunkloader]:(INFO) => Setting chunk: [14, 8] in overworld forceloaded = true
[10:48:40] [Netty Server IO #1/INFO] (Minecraft) [STDOUT]: [lchunkloader]:(INFO) => Setting chunk: [14, 6] in overworld forceloaded = true
[10:48:41] [Server thread/INFO] (Minecraft) Saving and pausing game...
[10:48:41] [Server thread/INFO] (Minecraft) Saving chunks for level 'ServerLevel[Test]'/minecraft:overworld
[10:48:41] [Server thread/INFO] (Minecraft) Saving chunks for level 'ServerLevel[Test]'/minecraft:the_nether
[10:48:41] [Server thread/INFO] (Minecraft) Saving chunks for level 'ServerLevel[Test]'/minecraft:the_end
[10:48:41] [Server thread/INFO] (Minecraft) Player787 lost connection: Disconnected
[10:48:41] [Server thread/INFO] (Minecraft) Player787 left the game
[10:48:41] [Server thread/INFO] (Minecraft) Stopping singleplayer server as player logged out
[10:48:41] [Server thread/INFO] (Minecraft) Stopping server
[10:48:41] [Server thread/INFO] (Minecraft) Saving players
[10:48:41] [Server thread/INFO] (Minecraft) Saving worlds
[10:48:41] [Server thread/INFO] (Minecraft) Saving chunks for level 'ServerLevel[Test]'/minecraft:overworld
[10:48:42] [Server thread/INFO] (Minecraft) ThreadedAnvilChunkStorage (Test): All chunks are saved
[10:48:42] [Server thread/INFO] (Minecraft) Saving chunks for level 'ServerLevel[Test]'/minecraft:the_nether
[10:48:42] [Server thread/INFO] (Minecraft) ThreadedAnvilChunkStorage (DIM-1): All chunks are saved
[10:48:42] [Server thread/INFO] (Minecraft) Saving chunks for level 'ServerLevel[Test]'/minecraft:the_end
[10:48:42] [Server thread/INFO] (Minecraft) ThreadedAnvilChunkStorage (DIM1): All chunks are saved
[10:48:42] [Server thread/INFO] (Minecraft) ThreadedAnvilChunkStorage (Test): All chunks are saved
[10:48:42] [Server thread/INFO] (Minecraft) ThreadedAnvilChunkStorage (DIM-1): All chunks are saved
[10:48:42] [Server thread/INFO] (Minecraft) ThreadedAnvilChunkStorage (DIM1): All chunks are saved
[10:48:44] [Render thread/INFO] (BiomeModificationImpl) Applied 0 biome modifications to 0 of 81 new biomes in 509.8 μs
[10:48:44] [Render thread/WARN] (Minecraft) Ambiguity between arguments [teleport, location] and [teleport, destination] with inputs: [0.1 -0.5 .9, 0 0 0]
[10:48:44] [Render thread/WARN] (Minecraft) Ambiguity between arguments [teleport, location] and [teleport, targets] with inputs: [0.1 -0.5 .9, 0 0 0]
[10:48:44] [Render thread/WARN] (Minecraft) Ambiguity between arguments [teleport, destination] and [teleport, targets] with inputs: [Player, 0123, @e, dd12be42-52a9-4a91-a8a1-11c01849e498]
[10:48:44] [Render thread/WARN] (Minecraft) Ambiguity between arguments [teleport, targets] and [teleport, destination] with inputs: [Player, 0123, dd12be42-52a9-4a91-a8a1-11c01849e498]
[10:48:44] [Render thread/WARN] (Minecraft) Ambiguity between arguments [teleport, targets, location] and [teleport, targets, destination] with inputs: [0.1 -0.5 .9, 0 0 0]
[10:48:44] [Render thread/INFO] (Minecraft) Reloading ResourceManager: Default, Fabric Mods (Literally Chunk Loader, Fabric Tool Attribute API (v1))
[10:48:45] [Render thread/INFO] (Minecraft) Loaded 7 recipes
[10:48:45] [Render thread/INFO] (Minecraft) Loaded 1137 advancements
[10:48:45] [Render thread/INFO] (Minecraft) Environment: authHost='https://authserver.mojang.com', accountsHost='https://api.mojang.com', sessionHost='https://sessionserver.mojang.com', servicesHost='https://api.minecraftservices.com', name='PROD'
[10:48:45] [Server thread/INFO] (Minecraft) Starting integrated minecraft server version 1.17
[10:48:45] [Server thread/INFO] (Minecraft) Generating keypair
[10:48:45] [Server thread/INFO] (Minecraft) [STDOUT]: [lchunkloader]:(INFO) => Initializing: 3 force loaded chunks
[10:48:45] [Server thread/INFO] (Minecraft) [STDOUT]: [lchunkloader]:(INFO) => Found: 2 Loaders placed
[10:48:45] [Server thread/INFO] (Minecraft) Preparing start region for dimension minecraft:overworld
[10:48:45] [Render thread/INFO] (Minecraft) Preparing spawn area: 0%
[10:48:46] [Render thread/INFO] (Minecraft) Preparing spawn area: 0%
[10:48:46] [Render thread/INFO] (Minecraft) Preparing spawn area: 0%
[10:48:46] [Render thread/INFO] (Minecraft) Preparing spawn area: 0%
[10:48:47] [Render thread/INFO] (Minecraft) Time elapsed: 1936 ms
[10:48:47] [Server thread/INFO] (Minecraft) Changing view distance to 11, from 10
[10:48:47] [Server thread/INFO] (Minecraft) Player787[local:E:52ddf02e] logged in with entity id 1308 at (238.34587966653297, 64.0, 115.48010021051105)
[10:48:47] [Server thread/INFO] (Minecraft) Player787 joined the game
[10:48:47] [Netty Local Client IO #1/INFO] (BiomeModificationImpl) Applied 0 biome modifications to 0 of 81 new biomes in 182.1 μs
[10:48:47] [Server thread/INFO] (Minecraft) Saving and pausing game...
[10:48:47] [Server thread/INFO] (Minecraft) Saving chunks for level 'ServerLevel[Test]'/minecraft:overworld
[10:48:47] [Render thread/INFO] (Minecraft) Loaded 0 advancements
[10:48:48] [Server thread/INFO] (Minecraft) Saving chunks for level 'ServerLevel[Test]'/minecraft:the_nether
[10:48:48] [Server thread/INFO] (Minecraft) Saving chunks for level 'ServerLevel[Test]'/minecraft:the_end
[10:48:56] [Render thread/INFO] (Minecraft) [CHAT] Found 2 placed loaders : \n[15, 7] in overworld, [14, 7] in overworld
[10:49:00] [Render thread/INFO] (Minecraft) [CHAT] No loaders found in dimension: the_end\n
[10:49:05] [Render thread/INFO] (Minecraft) [CHAT] Found 2 placed loaders in dimension: overworld\n[15, 7], [14, 7]
[10:49:08] [Server thread/INFO] (Minecraft) Saving and pausing game...
[10:49:08] [Server thread/INFO] (Minecraft) Saving chunks for level 'ServerLevel[Test]'/minecraft:overworld
[10:49:08] [Server thread/INFO] (Minecraft) Saving chunks for level 'ServerLevel[Test]'/minecraft:the_nether
[10:49:08] [Server thread/INFO] (Minecraft) Saving chunks for level 'ServerLevel[Test]'/minecraft:the_end
[10:49:09] [Render thread/INFO] (Minecraft) Stopping!
[10:49:09] [Server thread/INFO] (Minecraft) Player787 lost connection: Disconnected
[10:49:09] [Server thread/INFO] (Minecraft) Player787 left the game
[10:49:09] [Server thread/INFO] (Minecraft) Stopping singleplayer server as player logged out
[10:49:09] [Server thread/INFO] (Minecraft) Stopping server
[10:49:09] [Server thread/INFO] (Minecraft) Saving players
[10:49:09] [Server thread/INFO] (Minecraft) Saving worlds
[10:49:09] [Server thread/INFO] (Minecraft) Saving chunks for level 'ServerLevel[Test]'/minecraft:overworld
[10:49:09] [Server thread/INFO] (Minecraft) ThreadedAnvilChunkStorage (Test): All chunks are saved
[10:49:09] [Server thread/INFO] (Minecraft) Saving chunks for level 'ServerLevel[Test]'/minecraft:the_nether
[10:49:09] [Server thread/INFO] (Minecraft) ThreadedAnvilChunkStorage (DIM-1): All chunks are saved
[10:49:09] [Server thread/INFO] (Minecraft) Saving chunks for level 'ServerLevel[Test]'/minecraft:the_end
[10:49:09] [Server thread/INFO] (Minecraft) ThreadedAnvilChunkStorage (DIM1): All chunks are saved
[10:49:09] [Server thread/INFO] (Minecraft) ThreadedAnvilChunkStorage (Test): All chunks are saved
[10:49:09] [Server thread/INFO] (Minecraft) ThreadedAnvilChunkStorage (DIM-1): All chunks are saved
[10:49:09] [Server thread/INFO] (Minecraft) ThreadedAnvilChunkStorage (DIM1): All chunks are saved
